[    0.000000] Initializing cgroup subsys cpuset
[    0.000000] Initializing cgroup subsys cpu
[    0.000000] Initializing cgroup subsys cpuacct
[    0.000000] Linux version 4.4.0-59-generic (buildd@lgw01-11) (gcc version 5.4.0 20160609 (Ubuntu 5.4.0-6ubuntu1~16.04.4) ) #80-Ubuntu SMP Fri Jan 6 17:47:47 UTC 2017 (Ubuntu 4.4.0-59.80-generic 4.4.35)
[    0.000000] Command line: BOOT_IMAGE=/boot/vmlinuz-4.4.0-59-generic root=LABEL=cloudimg-rootfs ro console=tty1 console=ttyS0
[    0.000000] KERNEL supported cpus:
[    0.000000]   Intel GenuineIntel
[    0.000000]   AMD AuthenticAMD
[    0.000000]   Centaur CentaurHauls
[    0.000000] x86/fpu: xstate_offset[2]:  576, xstate_sizes[2]:  256
[    0.000000] x86/fpu: Supporting XSAVE feature 0x01: 'x87 floating point registers'
[    0.000000] x86/fpu: Supporting XSAVE feature 0x02: 'SSE registers'
[    0.000000] x86/fpu: Supporting XSAVE feature 0x04: 'AVX registers'
[    0.000000] x86/fpu: Enabled xstate features 0x7, context size is 832 bytes, using 'standard' format.
[    0.000000] x86/fpu: Using 'lazy' FPU context switches.
[    0.000000] e820: BIOS-provided physical RAM map:
[    0.000000] BIOS-e820: [mem 0x0000000000000000-0x000000000009fbff] usable
[    0.000000] BIOS-e820: [mem 0x000000000009fc00-0x000000000009ffff] reserved
[    0.000000] BIOS-e820: [mem 0x00000000000f0000-0x00000000000fffff] reserved
[    0.000000] BIOS-e820: [mem 0x0000000000100000-0x000000007adeffff] usable
[    0.000000] BIOS-e820: [mem 0x000000007adf0000-0x000000007adfffff] ACPI data
[    0.000000] BIOS-e820: [mem 0x00000000fec00000-0x00000000fec00fff] reserved
[    0.000000] BIOS-e820: [mem 0x00000000fee00000-0x00000000fee00fff] reserved
[    0.000000] BIOS-e820: [mem 0x00000000fffc0000-0x00000000ffffffff] reserved
[    0.000000] NX (Execute Disable) protection: active
[    0.000000] SMBIOS 2.5 present.
[    0.000000] Hypervisor detected: KVM
[    0.000000] e820: last_pfn = 0x7adf0 max_arch_pfn = 0x400000000
[    0.000000] MTRR: Disabled
[    0.000000] x86/PAT: MTRRs disabled, skipping PAT initialization too.
[    0.000000] x86/PAT: Configuration [0-7]: WB  WT  UC- UC  WB  WT  UC- UC  
[    0.000000] CPU MTRRs all blank - virtualized system.
[    0.000000] found SMP MP-table at [mem 0x0009fff0-0x0009ffff] mapped at [ffff88000009fff0]
[    0.000000] Scanning 1 areas for low memory corruption
[    0.000000] RAMDISK: [mem 0x36b62000-0x375a8fff]
[    0.000000] ACPI: Early table checksum verification disabled
[    0.000000] ACPI: RSDP 0x00000000000E0000 000024 (v02 VBOX  )
[    0.000000] ACPI: XSDT 0x000000007ADF0030 00003C (v01 VBOX   VBOXXSDT 00000001 ASL  00000061)
[    0.000000] ACPI: FACP 0x000000007ADF00F0 0000F4 (v04 VBOX   VBOXFACP 00000001 ASL  00000061)
[    0.000000] ACPI: DSDT 0x000000007ADF0480 00210F (v01 VBOX   VBOXBIOS 00000002 INTL 20160108)
[    0.000000] ACPI: FACS 0x000000007ADF0200 000040
[    0.000000] ACPI: FACS 0x000000007ADF0200 000040
[    0.000000] ACPI: APIC 0x000000007ADF0240 00006C (v02 VBOX   VBOXAPIC 00000001 ASL  00000061)
[    0.000000] ACPI: SSDT 0x000000007ADF02B0 0001CC (v01 VBOX   VBOXCPUT 00000002 INTL 20160108)
[    0.000000] No NUMA configuration found
[    0.000000] Faking a node at [mem 0x0000000000000000-0x000000007adeffff]
[    0.000000] NODE_DATA(0) allocated [mem 0x7adeb000-0x7adeffff]
[    0.000000] kvm-clock: Using msrs 4b564d01 and 4b564d00
[    0.000000] kvm-clock: cpu 0, msr 0:7ade3001, primary cpu clock
[    0.000000] kvm-clock: using sched offset of 3308109969 cycles
[    0.000000] clocksource: kvm-clock: mask: 0xffffffffffffffff max_cycles: 0x1cd42e4dffb, max_idle_ns: 881590591483 ns
[    0.000000] Zone ranges:
[    0.000000]   DMA      [mem 0x0000000000001000-0x0000000000ffffff]
[    0.000000]   DMA32    [mem 0x0000000001000000-0x000000007adeffff]
[    0.000000]   Normal   empty
[    0.000000]   Device   empty
[    0.000000] Movable zone start for each node
[    0.000000] Early memory node ranges
[    0.000000]   node   0: [mem 0x0000000000001000-0x000000000009efff]
[    0.000000]   node   0: [mem 0x0000000000100000-0x000000007adeffff]
[    0.000000] Initmem setup node 0 [mem 0x0000000000001000-0x000000007adeffff]
[    0.000000] ACPI: PM-Timer IO Port: 0x4008
[    0.000000] IOAPIC[0]: apic_id 4, version 32, address 0xfec00000, GSI 0-23
[    0.000000] ACPI: INT_SRC_OVR (bus 0 bus_irq 0 global_irq 2 dfl dfl)
[    0.000000] ACPI: INT_SRC_OVR (bus 0 bus_irq 9 global_irq 9 high level)
[    0.000000] Using ACPI (MADT) for SMP configuration information
[    0.000000] smpboot: Allowing 4 CPUs, 0 hotplug CPUs
[    0.000000] PM: Registered nosave memory: [mem 0x00000000-0x00000fff]
[    0.000000] PM: Registered nosave memory: [mem 0x0009f000-0x0009ffff]
[    0.000000] PM: Registered nosave memory: [mem 0x000a0000-0x000effff]
[    0.000000] PM: Registered nosave memory: [mem 0x000f0000-0x000fffff]
[    0.000000] e820: [mem 0x7ae00000-0xfebfffff] available for PCI devices
[    0.000000] Booting paravirtualized kernel on KVM
[    0.000000] clocksource: refined-jiffies: mask: 0xffffffff max_cycles: 0xffffffff, max_idle_ns: 7645519600211568 ns
[    0.000000] setup_percpu: NR_CPUS:512 nr_cpumask_bits:512 nr_cpu_ids:4 nr_node_ids:1
[    0.000000] PERCPU: Embedded 33 pages/cpu @ffff88007aa00000 s98264 r8192 d28712 u524288
[    0.000000] PV qspinlock hash table entries: 256 (order: 0, 4096 bytes)
[    0.000000] Built 1 zonelists in Node order, mobility grouping on.  Total pages: 495297
[    0.000000] Policy zone: DMA32
[    0.000000] Kernel command line: BOOT_IMAGE=/boot/vmlinuz-4.4.0-59-generic root=LABEL=cloudimg-rootfs ro console=tty1 console=ttyS0
[    0.000000] PID hash table entries: 4096 (order: 3, 32768 bytes)
[    0.000000] Memory: 1950016K/2012728K available (8436K kernel code, 1291K rwdata, 3960K rodata, 1488K init, 1316K bss, 62712K reserved, 0K cma-reserved)
[    0.000000] SLUB: HWalign=64, Order=0-3, MinObjects=0, CPUs=4, Nodes=1
[    0.000000] Hierarchical RCU implementation.
[    0.000000] 	Build-time adjustment of leaf fanout to 64.
[    0.000000] 	RCU restricting CPUs from NR_CPUS=512 to nr_cpu_ids=4.
[    0.000000] RCU: Adjusting geometry for rcu_fanout_leaf=64, nr_cpu_ids=4
[    0.000000] NR_IRQS:33024 nr_irqs:456 16
[    0.000000] Console: colour VGA+ 80x25
[    0.000000] console [tty1] enabled
[    0.000000] console [ttyS0] enabled
[    0.000000] tsc: Detected 2591.582 MHz processor
[    0.258918] Calibrating delay loop (skipped) preset value.. 5183.16 BogoMIPS (lpj=10366328)
[    0.260355] pid_max: default: 32768 minimum: 301
[    0.261126] ACPI: Core revision 20150930
[    0.262897] ACPI: 2 ACPI AML tables successfully acquired and loaded
[    0.264021] Security Framework initialized
[    0.264730] Yama: becoming mindful.
[    0.265381] AppArmor: AppArmor initialized
[    0.291553] Dentry cache hash table entries: 262144 (order: 9, 2097152 bytes)
[    0.301888] Inode-cache hash table entries: 131072 (order: 8, 1048576 bytes)
[    0.314455] Mount-cache hash table entries: 4096 (order: 3, 32768 bytes)
[    0.346143] Mountpoint-cache hash table entries: 4096 (order: 3, 32768 bytes)
[    0.354537] Initializing cgroup subsys io
[    0.362698] Initializing cgroup subsys memory
[    0.363459] Initializing cgroup subsys devices
[    0.364210] Initializing cgroup subsys freezer
[    0.364956] Initializing cgroup subsys net_cls
[    0.365716] Initializing cgroup subsys perf_event
[    0.366511] Initializing cgroup subsys net_prio
[    0.367282] Initializing cgroup subsys hugetlb
[    0.368035] Initializing cgroup subsys pids
[    0.368863] CPU: Physical Processor ID: 0
[    0.369579] CPU: Processor Core ID: 0
[    0.378225] mce: CPU supports 0 MCE banks
[    0.386191] Last level iTLB entries: 4KB 512, 2MB 8, 4MB 8
[    0.387060] Last level dTLB entries: 4KB 512, 2MB 32, 4MB 32, 1GB 0
[    0.390012] Freeing SMP alternatives memory: 32K (ffffffff820b8000 - ffffffff820c0000)
[    0.399778] ftrace: allocating 32064 entries in 126 pages
[    0.460421] smpboot: APIC(0) Converting physical 0 to logical package 0
[    0.475276] smpboot: Max logical packages: 1
[    0.477334] x2apic enabled
[    0.478134] Switched APIC routing to physical x2apic.
[    0.480054] ..TIMER: vector=0x30 apic1=0 pin1=2 apic2=-1 pin2=-1
[    0.585775] smpboot: CPU0: Intel(R) Core(TM) i5-2540M CPU @ 2.60GHz (family: 0x6, model: 0x2a, stepping: 0x7)
[    0.653002] Performance Events: unsupported p6 CPU model 42 no PMU driver, software events only.
[    0.703390] KVM setup paravirtual spinlock
[    0.711525] x86: Booting SMP configuration:
[    0.759954] .... node  #0, CPUs:      #1
[    0.799982] kvm-clock: cpu 1, msr 0:7ade3041, secondary cpu clock
[    0.834951] mce: CPU supports 0 MCE banks
[    0.837658]  #2
[    0.838077] kvm-clock: cpu 2, msr 0:7ade3081, secondary cpu clock
[    0.933681] mce: CPU supports 0 MCE banks
[    1.004880]  #3
[    1.017169] kvm-clock: cpu 3, msr 0:7ade30c1, secondary cpu clock
[    1.024177] mce: CPU supports 0 MCE banks
[    1.026793] x86: Booted up 1 node, 4 CPUs
[    1.041654] smpboot: Total of 4 processors activated (20732.65 BogoMIPS)
[    1.070329] devtmpfs: initialized
[    1.101321] evm: security.selinux
[    1.109304] evm: security.SMACK64
[    1.109940] evm: security.SMACK64EXEC
[    1.138142] evm: security.SMACK64TRANSMUTE
[    1.178858] evm: security.SMACK64MMAP
[    1.195907] evm: security.ima
[    1.211240] evm: security.capability
[    1.250775] clocksource: jiffies: mask: 0xffffffff max_cycles: 0xffffffff, max_idle_ns: 7645041785100000 ns
[    1.286401] pinctrl core: initialized pinctrl subsystem
[    1.405965] RTC time: 18:20:55, date: 01/17/17
[    1.407454] NET: Registered protocol family 16
[    1.533949] cpuidle: using governor ladder
[    1.561859] cpuidle: using governor menu
[    1.595815] PCCT header not found.
[    1.623501] ACPI: bus type PCI registered
[    1.624196] acpiphp: ACPI Hot Plug PCI Controller Driver version: 0.5
[    1.625284] PCI: Using configuration type 1 for base access
[    1.639358] ACPI: Added _OSI(Module Device)
[    1.653764] ACPI: Added _OSI(Processor Device)
[    1.682588] ACPI: Added _OSI(3.0 _SCP Extensions)
[    1.694044] ACPI: Added _OSI(Processor Aggregator Device)
[    1.708847] ACPI: Executed 1 blocks of module-level executable AML code
[    1.711689] ACPI: Interpreter enabled
[    1.738245] ACPI: (supports S0 S5)
[    1.738872] ACPI: Using IOAPIC for interrupt routing
[    1.789028] PCI: Using host bridge windows from ACPI; if necessary, use "pci=nocrs" and report a bug
[    1.836022] ACPI: PCI Root Bridge [PCI0] (domain 0000 [bus 00-ff])
[    1.922526] acpi PNP0A03:00: _OSC: OS supports [ASPM ClockPM Segments MSI]
[    2.004392] acpi PNP0A03:00: _OSC failed (AE_NOT_FOUND); disabling ASPM
[    2.053219] acpi PNP0A03:00: fail to add MMCONFIG information, can't access extended PCI configuration space under this bridge.
[    2.147234] PCI host bridge to bus 0000:00
[    2.187959] pci_bus 0000:00: root bus resource [io  0x0000-0x0cf7 window]
[    2.190031] pci_bus 0000:00: root bus resource [io  0x0d00-0xffff window]
[    2.256303] pci_bus 0000:00: root bus resource [mem 0x000a0000-0x000bffff window]
[    2.257603] pci_bus 0000:00: root bus resource [mem 0x7ae00000-0xffdfffff window]
[    2.271612] pci_bus 0000:00: root bus resource [bus 00-ff]
[    2.273854] pci 0000:00:01.1: legacy IDE quirk: reg 0x10: [io  0x01f0-0x01f7]
[    2.366748] pci 0000:00:01.1: legacy IDE quirk: reg 0x14: [io  0x03f6]
[    2.447715] pci 0000:00:01.1: legacy IDE quirk: reg 0x18: [io  0x0170-0x0177]
[    2.479220] pci 0000:00:01.1: legacy IDE quirk: reg 0x1c: [io  0x0376]
[    2.591465] pci 0000:00:07.0: quirk: [io  0x4000-0x403f] claimed by PIIX4 ACPI
[    2.599059] pci 0000:00:07.0: quirk: [io  0x4100-0x410f] claimed by PIIX4 SMB
[    2.666438] ACPI: PCI Interrupt Link [LNKA] (IRQs 5 9 10 *11)
[    2.809692] ACPI: PCI Interrupt Link [LNKB] (IRQs 5 9 10 *11)
[    2.962676] ACPI: PCI Interrupt Link [LNKC] (IRQs 5 9 *10 11)
[    3.106558] ACPI: PCI Interrupt Link [LNKD] (IRQs 5 *9 10 11)
[    3.108998] ACPI: Enabled 2 GPEs in block 00 to 07
[    3.110502] vgaarb: setting as boot device: PCI:0000:00:02.0
[    3.178821] vgaarb: device added: PCI:0000:00:02.0,decodes=io+mem,owns=io+mem,locks=none
[    3.272319] vgaarb: loaded
[    3.281447] vgaarb: bridge control possible 0000:00:02.0
[    3.291475] SCSI subsystem initialized
[    3.292300] ACPI: bus type USB registered
[    3.293017] usbcore: registered new interface driver usbfs
[    3.293886] usbcore: registered new interface driver hub
[    3.322068] usbcore: registered new device driver usb
[    3.331090] PCI: Using ACPI for IRQ routing
[    3.339436] NetLabel: Initializing
[    3.340065] NetLabel:  domain hash size = 128
[    3.394148] NetLabel:  protocols = UNLABELED CIPSOv4
[    3.426984] NetLabel:  unlabeled traffic allowed by default
[    3.471614] amd_nb: Cannot enumerate AMD northbridges
[    3.481829] clocksource: Switched to clocksource kvm-clock
[    3.490934] AppArmor: AppArmor Filesystem Enabled
[    3.497103] pnp: PnP ACPI init
[    3.498402] pnp: PnP ACPI: found 3 devices
[    3.507891] clocksource: acpi_pm: mask: 0xffffff max_cycles: 0xffffff, max_idle_ns: 2085701024 ns
[    3.638405] NET: Registered protocol family 2
[    3.639348] TCP established hash table entries: 16384 (order: 5, 131072 bytes)
[    3.640626] TCP bind hash table entries: 16384 (order: 6, 262144 bytes)
[    3.641666] TCP: Hash tables configured (established 16384 bind 16384)
[    3.759920] UDP hash table entries: 1024 (order: 3, 32768 bytes)
[    3.776646] UDP-Lite hash table entries: 1024 (order: 3, 32768 bytes)
[    3.777674] NET: Registered protocol family 1
[    3.778428] pci 0000:00:00.0: Limiting direct PCI/PCI transfers
[    3.779352] pci 0000:00:01.0: Activating ISA DMA hang workarounds
[    3.780410] Trying to unpack rootfs image as initramfs...
[    5.541477] Freeing initrd memory: 10524K (ffff880036b62000 - ffff8800375a9000)
[    5.575185] RAPL PMU detected, API unit is 2^-32 Joules, 3 fixed counters 10737418240 ms ovfl timer
[    5.577329] hw unit of domain pp0-core 2^-0 Joules
[    5.579410] hw unit of domain package 2^-0 Joules
[    5.580457] hw unit of domain pp1-gpu 2^-0 Joules
[    5.581574] platform rtc_cmos: registered platform RTC device (no PNP device found)
[    5.584852] Scanning for low memory corruption every 60 seconds
[    5.586548] futex hash table entries: 1024 (order: 4, 65536 bytes)
[    5.595037] audit: initializing netlink subsys (disabled)
[    5.612647] audit: type=2000 audit(1484677262.532:1): initialized
[    5.619535] Initialise system trusted keyring
[    5.620706] HugeTLB registered 2 MB page size, pre-allocated 0 pages
[    5.626818] zbud: loaded
[    5.627767] VFS: Disk quotas dquot_6.6.0
[    5.628754] VFS: Dquot-cache hash table entries: 512 (order 0, 4096 bytes)
[    5.630349] squashfs: version 4.0 (2009/01/31) Phillip Lougher
[    5.631918] fuse init (API version 7.23)
[    5.633055] Key type big_key registered
[    5.673800] Allocating IMA MOK and blacklist keyrings.
[    5.705281] Key type asymmetric registered
[    5.722267] Asymmetric key parser 'x509' registered
[    5.723299] Block layer SCSI generic (bsg) driver version 0.4 loaded (major 249)
[    5.730273] io scheduler noop registered
[    5.731142] io scheduler deadline registered (default)
[    5.733362] io scheduler cfq registered
[    5.734327] pci_hotplug: PCI Hot Plug PCI Core version: 0.5
[    5.735420] pciehp: PCI Express Hot Plug Controller Driver version: 0.4
[    5.736853] ACPI: AC Adapter [AC] (on-line)
[    5.737801] input: Power Button as /devices/LNXSYSTM:00/LNXPWRBN:00/input/input0
[    5.739395] ACPI: Power Button [PWRF]
[    5.740314] input: Sleep Button as /devices/LNXSYSTM:00/LNXSLPBN:00/input/input1
[    5.743865] ACPI: Sleep Button [SLPF]
[    5.750268] GHES: HEST is not enabled!
[    5.750868] ACPI: Battery Slot [BAT0] (battery present)
[    5.752435] Serial: 8250/16550 driver, 32 ports, IRQ sharing enabled
[    5.775198] 00:02: ttyS0 at I/O 0x3f8 (irq = 4, base_baud = 115200) is a 16550A
[    5.782872] Linux agpgart interface v0.103
[    5.827041] brd: module loaded
[    5.838721] loop: module loaded
[    5.854681] scsi host0: ata_piix
[    5.862237] scsi host1: ata_piix
[    5.884977] ata1: PATA max UDMA/33 cmd 0x1f0 ctl 0x3f6 bmdma 0xd000 irq 14
[    5.886019] ata2: PATA max UDMA/33 cmd 0x170 ctl 0x376 bmdma 0xd008 irq 15
[    5.887167] libphy: Fixed MDIO Bus: probed
[    5.893376] tun: Universal TUN/TAP device driver, 1.6
[    5.895506] tun: (C) 1999-2004 Max Krasnyansky <maxk@qualcomm.com>
[    5.896938] PPP generic driver version 2.4.2
[    5.898056] ehci_hcd: USB 2.0 'Enhanced' Host Controller (EHCI) Driver
[    5.899369] ehci-pci: EHCI PCI platform driver
[    5.900390] ehci-platform: EHCI generic platform driver
[    5.901488] ohci_hcd: USB 1.1 'Open' Host Controller (OHCI) Driver
[    5.902743] ohci-pci: OHCI PCI platform driver
[    5.903731] ohci-platform: OHCI generic platform driver
[    5.904878] uhci_hcd: USB Universal Host Controller Interface driver
[    5.906221] i8042: PNP: PS/2 Controller [PNP0303:PS2K,PNP0f03:PS2M] at 0x60,0x64 irq 1,12
[    5.908411] serio: i8042 KBD port at 0x60,0x64 irq 1
[    5.909432] serio: i8042 AUX port at 0x60,0x64 irq 12
[    5.910787] mousedev: PS/2 mouse device common for all mice
[    5.912679] input: AT Translated Set 2 keyboard as /devices/platform/i8042/serio0/input/input2
[    5.914765] rtc_cmos rtc_cmos: rtc core: registered rtc_cmos as rtc0
[    5.927109] rtc_cmos rtc_cmos: alarms up to one day, 114 bytes nvram
[    5.931125] i2c /dev entries driver
[    5.934688] device-mapper: uevent: version 1.0.3
[    5.937107] device-mapper: ioctl: 4.34.0-ioctl (2015-10-28) initialised: dm-devel@redhat.com
[    5.942638] ledtrig-cpu: registered to indicate activity on CPUs
[    5.947587] NET: Registered protocol family 10
[    5.949991] NET: Registered protocol family 17
[    5.958439] Key type dns_resolver registered
[    5.959696] microcode: CPU0 sig=0x206a7, pf=0x10, revision=0x0
[    6.003980] microcode: CPU1 sig=0x206a7, pf=0x10, revision=0x0
[    6.066560] microcode: CPU2 sig=0x206a7, pf=0x10, revision=0x0
[    6.086750] microcode: CPU3 sig=0x206a7, pf=0x10, revision=0x0
[    6.088449] microcode: Microcode Update Driver: v2.01 <tigran@aivazian.fsnet.co.uk>, Peter Oruba
[    6.099105] registered taskstats version 1
[    6.100049] Loading compiled-in X.509 certificates
[    6.135804] Loaded X.509 cert 'Build time autogenerated kernel key: 6ffa6bfaa152a74cd2b6aa1e188cb999d8f5632b'
[    6.262505] zswap: loaded using pool lzo/zbud
[    6.265868] Key type trusted registered
[    6.286384] Key type encrypted registered
[    6.297882] AppArmor: AppArmor sha1 policy hashing enabled
[    6.299018] ima: No TPM chip found, activating TPM-bypass!
[    6.300138] evm: HMAC attrs: 0x1
[    6.306510]   Magic number: 1:427:342
[    6.307481] rtc_cmos rtc_cmos: setting system clock to 2017-01-17 18:21:00 UTC (1484677260)
[    6.310594] BIOS EDD facility v0.16 2004-Jun-25, 0 devices found
[    6.311783] EDD information not available.
[    6.319513] Freeing unused kernel memory: 1488K (ffffffff81f44000 - ffffffff820b8000)
[    6.326490] Write protecting the kernel read-only data: 14336k
[    6.328403] Freeing unused kernel memory: 1792K (ffff880001840000 - ffff880001a00000)
[    6.339287] Freeing unused kernel memory: 136K (ffff880001dde000 - ffff880001e00000)
Loading, please wait...
starting version[    6.364613] random: systemd-udevd: uninitialized urandom read (16 bytes read, 2 bits of entropy available)
 229
[    6.365291] random: udevadm: uninitialized urandom read (16 bytes read, 2 bits of entropy available)
[    6.365331] random: udevadm: uninitialized urandom read (16 bytes read, 2 bits of entropy available)
[    6.365561] random: udevadm: uninitialized urandom read (16 bytes read, 2 bits of entropy available)
[    6.365610] random: udevadm: uninitialized urandom read (16 bytes read, 2 bits of entropy available)
[    6.365690] random: udevadm: uninitialized urandom read (16 bytes read, 2 bits of entropy available)
[    6.365747] random: udevadm: uninitialized urandom read (16 bytes read, 2 bits of entropy available)
[    6.365804] random: udevadm: uninitialized urandom read (16 bytes read, 2 bits of entropy available)
[    6.365857] random: udevadm: uninitialized urandom read (16 bytes read, 2 bits of entropy available)
[    6.365911] random: udevadm: uninitialized urandom read (16 bytes read, 2 bits of entropy available)
[    6.580226] tsc: Refined TSC clocksource calibration: 2590.530 MHz
[    6.580229] clocksource: tsc: mask: 0xffffffffffffffff max_cycles: 0x25574a2158d, max_idle_ns: 440795207637 ns
[    6.741928] Fusion MPT base driver 3.04.20
[    6.751421] Copyright (c) 1999-2008 LSI Corporation
[    6.755425] e1000: Intel(R) PRO/1000 Network Driver - version 7.3.21-k8-NAPI
[    6.757808] e1000: Copyright (c) 1999-2006 Intel Corporation.
[    6.767919] Fusion MPT SPI Host driver 3.04.20
[    6.827812] AVX version of gcm_enc/dec engaged.
[    6.839957] AES CTR mode by8 optimization enabled
[    7.062354] input: ImExPS/2 Generic Explorer Mouse as /devices/platform/i8042/serio1/input/input4
[    7.173890] e1000 0000:00:03.0 eth0: (PCI:33MHz:32-bit) 02:ae:6d:d4:e4:a7
[    7.181773] e1000 0000:00:03.0 eth0: Intel(R) PRO/1000 Network Connection
[    7.209227] mptbase: ioc0: Initiating bringup
[    7.291091] ioc0: LSI53C1030 A0: Capabilities={Initiator}
[    7.468599] scsi host2: ioc0: LSI53C1030 A0, FwRev=00000000h, Ports=1, MaxQ=256, IRQ=20
[    7.605308] scsi 2:0:0:0: Direct-Access     VBOX     HARDDISK         1.0  PQ: 0 ANSI: 5
[    7.662654] scsi target2:0:0: Beginning Domain Validation
[    7.676906] scsi target2:0:0: Domain Validation skipping write tests
[    7.685495] scsi target2:0:0: Ending Domain Validation
[    7.692128] scsi target2:0:0: asynchronous
[    7.739273] scsi 2:0:1:0: Direct-Access     VBOX     HARDDISK         1.0  PQ: 0 ANSI: 5
[    7.758615] scsi target2:0:1: Beginning Domain Validation
[    7.761217] scsi target2:0:1: Domain Validation skipping write tests
[    7.769213] scsi target2:0:1: Ending Domain Validation
[    7.771548] scsi target2:0:1: asynchronous
[    7.891015] sd 2:0:0:0: Attached scsi generic sg0 type 0
[    7.897592] sd 2:0:0:0: [sda] 20971520 512-byte logical blocks: (10.7 GB/10.0 GiB)
[    7.897969] sd 2:0:1:0: Attached scsi generic sg1 type 0
[    7.898168] sd 2:0:1:0: [sdb] 20480 512-byte logical blocks: (10.5 MB/10.0 MiB)
[    7.898333] sd 2:0:1:0: [sdb] Write Protect is off
[    7.898417] sd 2:0:1:0: [sdb] Incomplete mode parameter data
[    7.898418] sd 2:0:1:0: [sdb] Assuming drive cache: write through
[    7.907378] sd 2:0:1:0: [sdb] Attached SCSI disk
[    7.969649] sd 2:0:0:0: [sda] Write Protect is off
[    7.970903] sd 2:0:0:0: [sda] Incomplete mode parameter data
[    7.972139] sd 2:0:0:0: [sda] Assuming drive cache: write through
[    7.975273]  sda: sda1
[    7.976910] e1000 0000:00:08.0 eth1: (PCI:33MHz:32-bit) 08:00:27:da:10:ef
[    7.976912] e1000 0000:00:08.0 eth1: Intel(R) PRO/1000 Network Connection
[    8.014828] sd 2:0:0:0: [sda] Attached SCSI disk
[    8.014996] e1000 0000:00:08.0 enp0s8: renamed from eth1
[    8.085490] e1000 0000:00:03.0 enp0s3: renamed from eth0
[    9.853384] floppy0: no floppy controllers found
Begin: Loading e[   11.252005] md: linear personality registered for level -1
ssential drivers ... [   11.269703] md: multipath personality registered for level -4
[   11.396565] md: raid0 personality registered for level 0
[   11.542401] md: raid1 personality registered for level 1
[   11.623070] raid6: sse2x1   gen()  7678 MB/s
[   11.700360] raid6: sse2x1   xor()  3546 MB/s
[   11.780322] raid6: sse2x2   gen()  6116 MB/s
[   11.848324] raid6: sse2x2   xor()  4004 MB/s
[   11.916343] raid6: sse2x4   gen()  6805 MB/s
[   11.984318] raid6: sse2x4   xor()  4375 MB/s
[   11.986071] raid6: using algorithm sse2x1 gen() 7678 MB/s
[   11.988158] raid6: .... xor() 3546 MB/s, rmw enabled
[   11.990574] raid6: using ssse3x2 recovery algorithm
[   11.996760] xor: automatically using best checksumming function:
[   12.044318]    avx       : 11249.000 MB/sec
[   12.053232] async_tx: api initialized (async)
[   12.079732] md: raid6 personality registered for level 6
[   12.086458] md: raid5 personality registered for level 5
[   12.087735] md: raid4 personality registered for level 4
[   12.102350] md: raid10 personality registered for level 10
done.
Begin: Running /scripts/init-premount ... done.
Begin: Mounting root file system ... Begin: Running /scripts/local-top ... done.
Begin: Running /scripts/l[   12.305429] Btrfs loaded
ocal-premount ... Scanning for Btrfs filesystems
done.
Warning: fsck not present, so skipping root file system
[   12.519761] EXT4-fs (sda1): mounted filesystem with ordered data mode. Opts: (null)
done.
Begin: Running /scripts/local-bottom ... done.
Begin: Running /scripts/init-bottom ... done.
[   13.206375] systemd[1]: systemd 229 running in system mode. (+PAM +AUDIT +SELINUX +IMA +APPARMOR +SMACK +SYSVINIT +UTMP +LIBCRYPTSETUP +GCRYPT +GNUTLS +ACL +XZ -LZ4 +SECCOMP +BLKID +ELFUTILS +KMOD -IDN)
[   13.225323] systemd[1]: Detected virtualization oracle.
[   13.234329] systemd[1]: Detected architecture x86-64.

Welcome to [1mUbuntu 16.04.1 LTS[0m!

[   13.300597] systemd[1]: Set hostname to <ubuntu>.
[   13.323066] systemd[1]: Initializing machine ID from random generator.
[   13.335594] systemd[1]: Installed transient /etc/machine-id file.
[   13.490018] random: nonblocking pool is initialized
[   14.008047] systemd[1]: Listening on LVM2 metadata daemon socket.
[[0;32m  OK  [0m] Listening on LVM2 metadata daemon socket.
[   14.018797] systemd[1]: Listening on Syslog Socket.
[[0;32m  OK  [0m] Listening on Syslog Socket.
[   14.024896] systemd[1]: Listening on /dev/initctl Compatibility Named Pipe.
[[0;32m  OK  [0m] Listening on /dev/initctl Compatibility Named Pipe.
[   14.036799] systemd[1]: Listening on Journal Socket.
[[0;32m  OK  [0m] Listening on Journal Socket.
[   14.048575] systemd[1]: Listening on udev Kernel Socket.
[[0;32m  OK  [0m] Listening on udev Kernel Socket.
[   14.249564] systemd[1]: Listening on Journal Socket (/dev/log).
[[0;32m  OK  [0m] Listening on Journal Socket (/dev/log).
[   14.268728] systemd[1]: Reached target Encrypted Volumes.
[[0;32m  OK  [0m] Reached target Encrypted Volumes.
[   14.278421] systemd[1]: Reached target Swap.
[[0;32m  OK  [0m] Reached target Swap.
[   14.291017] systemd[1]: Started Forward Password Requests to Wall Directory Watch.
[[0;32m  OK  [0m] Started Forward Password Requests to Wall Directory Watch.
[   14.300383] systemd[1]: Listening on LVM2 poll daemon socket.
[[0;32m  OK  [0m] Listening on LVM2 poll daemon socket.
[   14.422684] systemd[1]: Created slice System Slice.
[[0;32m  OK  [0m] Created slice System Slice.
[   14.568614] systemd[1]: Starting Set console keymap...
         Starting Set console keymap...
[   14.585600] systemd[1]: Starting Create list of required static device nodes for the current kernel...
         Starting Create list of required st... nodes for the current kernel...
[   14.612723] systemd[1]: Starting Uncomplicated firewall...
         Starting Uncomplicated firewall...
[   14.653435] systemd[1]: Mounting POSIX Message Queue File System...
         Mounting POSIX Message Queue File System...
[   14.664305] systemd[1]: Starting Remount Root and Kernel File Systems...
         Starting Remount Root and Kernel File Systems...
[   14.677603] systemd[1]: Mounting Debug File System...
[   14.678611] EXT4-fs (sda1): re-mounted. Opts: (null)
         Mounting Debug File System...
[   14.688424] systemd[1]: Listening on Journal Audit Socket.
[[0;32m  OK  [0m] Listening on Journal Audit Socket.
[   14.760663] systemd[1]: Starting Journal Service...
         Starting Journal Service...
[   14.818054] systemd[1]: Mounting Huge Pages File System...
         Mounting Huge Pages File System...
[   14.835445] systemd[1]: Set up automount Arbitrary Executable File Formats File System Automount Point.
[[0;32m  OK  [0m] Set up automount Arbitrary Executab...ats File System Automount Point.
[   14.984548] systemd[1]: Created slice system-serial\x2dgetty.slice.
[[0;32m  OK  [0m] Created slice system-serial\x2dgetty.slice.
[   15.188685] systemd[1]: Starting Load Kernel Modules...
         Starting Load Kernel Modules...
[   15.215992] systemd[1]: Listening on Device-mapper event daemon FIFOs.
[[0;32m  OK  [0m] Listening on Device-mapper event daemon FIFOs.
[   15.272315] Loading iSCSI transport class v2.0-870.
[   15.284546] systemd[1]: Starting Monitoring of LVM2 mirrors, snapshots etc. using dmeventd or progress polling...
         Starting Monitoring of LVM2 mirrors... dmeventd or progress polling...
[   15.334829] systemd[1]: Created slice User and Session Slice.
[[0;32m  OK  [0m] Created slice User and Sessi[   15.359728] iscsi: registered transport (tcp)
on Slice.
[   15.368723] systemd[1]: Reached target Slices.
[[0;32m  OK  [0m] Reached target Slices.
[   15.396393] systemd[1]: Starting Nameserver information manager...
         Starting Nameserver information manager...
[   15.456733] systemd[1]: Listening on udev Control Socket.
[   15.468505] iscsi: registered transport (iser)
[[0;32m  OK  [0m] Listening on udev Control Socket.
[   15.470437] systemd[1]: Reached target User and Group Name Lookups.
[[0;32m  OK  [0m] Reached target User and Group Name Lookups.
[   15.533116] systemd[1]: Mounted POSIX Message Queue File System.
[[0;32m  OK  [0m] Mounted POSIX Message Queue File System.
[   15.552018] systemd[1]: Mounted Debug File System.
[[0;32m  OK  [0m] Mounted Debug File System.
[   15.560365] systemd[1]: Mounted Huge Pages File System.
[[0;32m  OK  [0m] Mounted Huge Pages File System.
[   15.564994] systemd[1]: Started Journal Service.
[[0;32m  OK  [0m] Started Journal Service.
[[0;32m  OK  [0m] Started Set console keymap.
[[0;32m  OK  [0m] Started Create list of required sta...ce nodes for the current kernel.
[[0;32m  OK  [0m] Started Uncomplicated firewall.
[[0;32m  OK  [0m] Started Remount Root and Kernel File Systems.
[[0;32m  OK  [0m] Started Load Kernel Modules.
[[0;32m  OK  [0m] Started Nameserver information manager.
[[0;32m  OK  [0m] Started LVM2 metadata daemon.
         Mounting FUSE Control File System...
         Starting Apply Kernel Variables...
         Starting udev Coldplug all Devices...
         Starting Initial cloud-init job (pre-networking)...
         Starting Load/Save Random Seed...
         Starting Create Static Device Nodes in /dev...
         Starting Flush Journal to Persistent Storage...
[[0;32m  OK  [0m] Mounted FUSE Control File System.
[[0;32m  OK  [0m] Started Apply Kernel Variables.
[[0;32m  OK  [0m] Started Load/Save Random Seed.
[[0;32m  OK  [0m] Started udev Coldplug all Devices.
[[0;32m  OK  [0m] Started Flush Journal to Persistent Storage.
[[0;32m  OK  [0m] Started Create Static Device Nodes in /dev.
         Starting udev Kernel Device Manager...
[[0;32m  OK  [0m] Started Monitoring of LVM2 mirrors,...ng dmeventd or progress polling.
[[0;32m  OK  [0m] Started udev Kernel Device Manager.
[[0;32m  OK  [0m] Reached target Local File Systems (Pre).
[[0;32m  OK  [0m] Reached target Local File Systems.
         Starting LSB: AppArmor initialization...
         Starting Set console font and keymap...
         Starting Commit a transient machine-id on disk...
         Starting Create Volatile Files and Directories...
         Starting Tell Plymouth To Write Out Runtime Data...
[[0;32m  OK  [0m] Started Dispatch Password Requests to Console Directory Watch.
[[0;32m  OK  [0m] Found device /dev/ttyS0.
[[0;32m  OK  [0m] Started Commit a transient machine-id on disk.
[[0;32m  OK  [0m] Started Tell Plymouth To Write Out Runtime Data.
[[0;32m  OK  [0m] Started Create Volatile Files and Directories.
         Starting Update UTMP about System Boot/Shutdown...
[[0;32m  OK  [0m] Reached target System Time Synchronized.
[[0;32m  OK  [0m] Started Update UTMP about System Boot/Shutdown.
[[0;32m  OK  [0m] Started Set console font and keymap.
[[0;32m  OK  [0m] Created slice system-getty.slice.
[[0;32m  OK  [0m] Started LSB: AppArmor initialization.
[[0;32m  OK  [0m] Listening on Load/Save RF Kill Switch Status /dev/rfkill Watch.
[   18.681868] cloud-init[487]: Cloud-init v. 0.7.8 running 'init-local' at Tue, 17 Jan 2017 18:21:14 +0000. Up 18.01 seconds.
[[0;32m  OK  [0m] Started Initial cloud-init job (pre-networking).
[[0;32m  OK  [0m] Reached target Network (Pre).
         Starting Raise network interfaces...
[[0;32m  OK  [0m] Started Raise network interfaces.
         Starting Initial cloud-init job (metadata service crawler)...
[[0;32m  OK  [0m] Reached target Network.
[   21.405834] cloud-init[1093]: Cloud-init v. 0.7.8 running 'init' at Tue, 17 Jan 2017 18:21:16 +0000. Up 19.57 seconds.
[   21.430431] cloud-init[1093]: ci-info: ++++++++++++++++++++++++++++++++++++++Net device info++++++++++++++++++++++++++++++++++++++
[   21.435027] cloud-init[1093]: ci-info: +--------+-------+----------------------------+---------------+-------+-------------------+
[   21.439682] cloud-init[1093]: ci-info: | Device |   Up  |          Address           |      Mask     | Scope |     Hw-Address    |
[   21.444244] cloud-init[1093]: ci-info: +--------+-------+----------------------------+---------------+-------+-------------------+
[   21.449184] cloud-init[1093]: ci-info: |   lo   |  True |         127.0.0.1          |   255.0.0.0   |   .   |         .         |
[   21.453804] cloud-init[1093]: ci-info: |   lo   |  True |          ::1/128           |       .       |  host |         .         |
[   21.520903] [cloud-init[0;32m  OK  [0m[1093]: ] ci-info: | enp0s3 |  True |         10.0.2.15          | 255.255.255.0 |   .   | 02:ae:6d:d4:e4:a7 |Started Initial cloud-init job (metadata service crawler).

[   21.528515] [cloud-init[0;32m  OK  [0m[1093]: ] ci-info: | enp0s3 |  True | fe80::ae:6dff:fed4:e4a7/64 |       .       |  link | 02:ae:6d:d4:e4:a7 |Reached target Network is Online.

[   21.542418] cloud-init[1093]: ci-info: | enp0s8 | False |             .              |       .       |   .   | 08:00:27:da:10:ef |
[   21.544378] cloud-init[1093]: ci-info: +--------+-------+----------------------------+---------------+-------+-------------------+
[   21.546325] cloud-init[1093]: ci-info: +++++++++++++++++++++++++++Route IPv4 info++++++++++++++++++++++++++++
[   21.548049]          cloud-initStarting iSCSI initiator daemon (iscsid)...[1093]: 
ci-info: +-------+-------------+----------+---------------+-----------+-------+
[   21.657073] [cloud-init[0;32m  OK  [0m[1093]: ] ci-info: | Route | Destination | Gateway  |    Genmask    | Interface | Flags |Reached target System Initialization.

[   21.657986] cloud-init[1093]: ci-info: +-------+-------------+----------+---------------+-----------+-------+
[   21.713248] [cloud-init[0;32m  OK  [0m[1093]: ] ci-info: |   0   |   0.0.0.0   | 10.0.2.2 |    0.0.0.0    |   enp0s3  |   UG  |Started Daily apt activities.

[   21.776576] [cloud-init[0;32m  OK  [0m[1093]: ] ci-info: |   1   |   10.0.2.0  | 0.0.0.0  | 255.255.255.0 |   enp0s3  |   U   |Started Daily Cleanup of Temporary Directories.

[   21.776907] [cloud-init[0;32m  OK  [0m[1093]: ] ci-info: +-------+-------------+----------+---------------+-----------+-------+Started Trigger resolvconf update for networkd DNS.

[   21.905338] [cloud-init[0;32m  OK  [0m[1093]: ] Generating public/private rsa key pair.Listening on ACPID Listen Socket.

[   21.914866] [cloud-init[0;32m  OK  [0m[1093]: ] Your identification has been saved in /etc/ssh/ssh_host_rsa_key.Listening on UUID daemon activation socket.

[   21.936393] [cloud-init[0;32m  OK  [0m[1093]: ] Your public key has been saved in /etc/ssh/ssh_host_rsa_key.pub.Started ACPI Events Check.

[   21.947291] [cloud-init[0;32m  OK  [0m[1093]: ] The key fingerprint is:Reached target Paths.

[   21.947679] cloud-init[1093]: SHA256:m0ptoFcitw4+nwI80cPSmZd2YQyhSMa/P0zy0cSOiGk root@ubuntu-xenial
[   21.996542]          cloud-initStarting LXD - unix socket.[1093]: 
The key's randomart image is:
[[   21.996833] [0;32m  OK  [0mcloud-init] [1093]: Listening on D-Bus System Message Bus Socket.+---[RSA 2048]----+

[   22.141127] [cloud-init[0;32m  OK  [0m[1093]: ] | .o   o+         |Started Timer to automatically refresh installed snaps.

[   22.213171] [cloud-init[0;32m  OK  [0m[1093]: ] | o.. .  +        |Reached target Timers.

         [   22.214145] Starting Socket activation for snappy daemon.cloud-init
[1093]: |  .=.o + .       |
[[0;32m  OK  [0m] Reached target Cloud-config availability.
[   22.297766] cloud-init[1093]: |  o O + +        |
[   22.357852] cloud-init[1093]: | . =.*+*S        |
[   22.396667] [cloud-init[0;32m  OK  [0m[1093]: ] |  E +++*oo       |Listening on LXD - unix socket.

[   22.397467] [cloud-init[0;32m  OK  [0m[1093]: ] | . oo*+.=        |Listening on Socket activation for snappy daemon.

[   22.540690] [cloud-init[0;32m  OK  [0m[1093]: ] |   .o==+         |Started iSCSI initiator daemon (iscsid).

[   22.581198] cloud-init[1093]: |    .+=.         |
[   22.582560] cloud-init[1093]: +----[SHA256]-----+
[   22.583847]          cloud-initStarting Login to default iSCSI targets...[1093]: 
Generating public/private dsa key pair.
[   22.587367] [cloud-init[0;32m  OK  [0m[1093]: ] Your identification has been saved in /etc/ssh/ssh_host_dsa_key.Reached target Sockets.

[   22.681034] [cloud-init[0;32m  OK  [0m[1093]: ] Your public key has been saved in /etc/ssh/ssh_host_dsa_key.pub.Reached target Basic System.

[   22.693187] cloud-init[1093]: The key fingerprint is:
[   22.724733]          cloud-initStarting /etc/rc.local Compatibility...[1093]: 
SHA256:D2r3b8U5Cqhxs2nM2yVukPI1ir8I1N//Tf5PdKorx54 root@ubuntu-xenial
[   22.799147] [cloud-init[0;32m  OK  [0m[1093]: ] The key's randomart image is:Started D-Bus System Message Bus.

[   22.799392] cloud-init[1093]: +---[DSA 1024]----+
[   22.826754] cloud-init[1093]: |                 |
[   22.860488] cloud-init[1093]: |                 |
[   22.877205] cloud-init[1093]: |                 |
[   22.883791] cloud-init[1093]: |     .           |
[   22.886435] cloud-init[1093]: |    . . So   . .o|
[   22.887879] cloud-init[1093]: |   .  oo*++   =o.|
[   22.898824] cloud-init[1093]: |    . oXoB++.o..o|
[   22.899978] cloud-init[1093]: |     oooO+o+=o = |
[   22.901198] cloud-init[1093]: |      .o+++*Eo. B|
[   22.902308] cloud-init[1093]: +----[SHA256]-----+
[   22.903427] cloud-init[1093]: Generating public/private ecdsa key pair.
[   22.928348] [cloud-init[0;32m  OK  [0m[1093]: ] Your identification has been saved in /etc/ssh/ssh_host_ecdsa_key.Started Regular background program processing daemon.

[   22.940448]          cloud-initStarting Login Service...[1093]: 
Your public key has been saved in /etc/ssh/ssh_host_ecdsa_key.pub.
[   22.956818]          cloud-initStarting LXD - container startup/shutdown...[1093]: 
The key fingerprint is:
[   23.013168]          cloud-initStarting System Logging Service...[1093]: 
SHA256:gm/ezh0Km8PW0txnFmQtzEwPruHiQXS3mE0XA84TiG8 root@ubuntu-xenial
         Starting Pollinate to seed the pseudo random number generator...
[   23.045724] cloud-init[1093]: The key's randomart image is:
[   23.068530]          cloud-initStarting Accounts Service...[1093]: 
+---[ECDSA 256]---+
[   23.070767] [cloud-init[0;32m  OK  [0m[1093]: ] |         . .o.o. |Started FUSE filesystem for LXC.

[   23.110150]          cloud-initStarting LSB: MD monitoring daemon...[1093]: 
|        o oo=... |
[   23.156587]          cloud-initStarting Apply the settings specified in cloud-config...[1093]: 
|       . o %+*   |
[   23.197810] [cloud-init[0;32m  OK  [0m[1093]: ] |     .  . E @.o  |Started Snappy daemon.

[   23.198268] cloud-init[1093]: |    . ..So = .   |
[   23.284636] [cloud-init[0;32m  OK  [0m[1093]: ] |     . .o o .    |Started Deferred execution scheduler.

[   23.295849] cloud-init[1093]: |     .+= +.  .   |
[   23.320608] cloud-init[1093]: |     o=*=o..+    |
[[0;32m  OK  [0m] Started ACPI event daemon.
[   23.367956] cloud-init[1093]: |     .++= .+     |
         Starting LSB: Record successful boot for GRUB...
[   23.432832] cloud-init[1093]: +----[SHA256]-----+
[   23.444897] cloud-init[1093]: Generating public/private ed25519 key pair.
[   23.447418] cloud-init[1093]: Your identification has been saved in /etc/ssh/ssh_host_ed25519_key.
[   23.449166] cloud-init[1093]: Your public key has been saved in /etc/ssh/ssh_host_ed25519_key.pub.
[   23.451995] cloud-init[1093]: The key fingerprint is:
[   23.454336] cloud-init[1093]: SHA256:Kezz6sW1/AiHhNFPIQC8CprkY8Nq6Zpabo3JDPQaWSY root@ubuntu-xenial
[   23.456060] cloud-init[1093]: The key's randomart image is:
[   23.457410] cloud-init[1093]: +--[ED25519 256]--+
[   23.458492] cloud-init[1093]: |   ...... .      |
[   23.459569] cloud-init[1093]: |    .  . . .     |
[   23.461799] cloud-init[1093]: |     .. . .      |
[   23.462881] cloud-init[1093]: |.E o.. o +       |
         Starting Auto import assertions from block devices...
[[0;32m  OK  [0m] Started System Logging Service.
[[0;32m  OK  [0m] Started /etc/rc.local Compatibility.
[   23.472582] cloud-init[1093]: |*o*.  + S o      |
[   23.506215] cloud-init[1093]: |+O.. . + + .     |
[   23.518819] [cloud-init[0;32m  OK  [0m[1093]: ] |o+B+  o = +      |Started Auto import assertions from block devices.

[   23.556375] cloud-init[1093]: |.B* .  + o o     |
[   23.568667] cloud-init[1093]: |Oo.  .o.. . .    |
[   23.578410] cloud-init[1093]: +----[SHA256]-----+
[[0;32m  OK  [0m] Started Login Service.
[[0;32m  OK  [0m] Started LSB: Record successful boot for GRUB.
[[0;32m  OK  [0m] Started Login to default iSCSI targets.
[[0;32m  OK  [0m] Reached target Remote File Systems (Pre).
[[0;32m  OK  [0m] Reached target Remote File Systems.
         Starting LSB: VirtualBox Linux Additions...
         Starting LSB: automatic crash report generation...
         Starting LSB: Set the CPU Frequency Scaling governor to "ondemand"...
         Starting Permit User Sessions...
         Starting LSB: daemon to balance interrupts for SMP systems...
[[0;32m  OK  [0m] Started LSB: MD monitoring daemon.
[[0;32m  OK  [0m] Started Permit User Sessions.
[[0;32m  OK  [0m] Started LSB: Set the CPU Frequency Scaling governor to "ondemand".
         Starting Terminate Plymouth Boot Screen...
         Starting Hold until boot process finishes up...
[[0;32m  OK  [0m] Started Terminate Plymouth Boot Screen.
[   24.140013] cloud-init[1219]: Generating locales (this might take a while)...
[[0;32m  OK  [0m] Started Hold until boot process finishes up.
         Starting Set console scheme...
[[0;32m  OK  [0m] Started Getty on tty1.
[[0;32m  OK  [0m] Started Serial Getty on ttyS0.
[[0;32m  OK  [0m] Reached target Login Prompts.
[[0;32m  OK  [0m] Started LSB: daemon to balance interrupts for SMP systems.
[[0;32m  OK  [0m] Started Set console scheme.
[[0;32m  OK  [0m] Started LSB: automatic crash report generation.
         Starting Authenticate and Authorize Users to Run Privileged Tasks...
[[0;32m  OK  [0m] Started Authenticate and Authorize Users to Run Privileged Tasks.
[[0;32m  OK  [0m] Started Accounts Service.
[[0;32m  OK  [0m] Started LSB: VirtualBox Linux Additions.
[[0;32m  OK  [0m] Started LXD - container startup/shutdown.
[   26.150269] cloud-init[1219]:   en_US.UTF-8... done
[   26.224710] cloud-init[1219]: Generation complete.
[[0;32m  OK  [0m] Started Pollinate to seed the pseudo random number generator.
         Starting OpenBSD Secure Shell server...
[[0;32m  OK  [0m] Started OpenBSD Secure Shell server.
[[0;32m  OK  [0m] Reached target Multi-User System.
[[0;32m  OK  [0m] Reached target Graphical Interface.
         Starting Update UTMP about System Runlevel Changes...
[[0;32m  OK  [0m] Started Update UTMP about System Runlevel Changes.
         Stopping OpenBSD Secure Shell server...
[[0;32m  OK  [0m] Stopped OpenBSD Secure Shell server.
         Starting OpenBSD Secure Shell server...
[[0;32m  OK  [0m] Started OpenBSD Secure Shell server.
[[0;32m  OK  [0m] Created slice User Slice of ubuntu.
         Starting User Manager for UID 1000...
[[0;32m  OK  [0m] Started Session 1 of user ubuntu.
[[0;32m  OK  [0m] Started User Manager for UID 1000.
[   28.087846] cloud-init[1219]: Cloud-init v. 0.7.8 running 'modules:config' at Tue, 17 Jan 2017 18:21:20 +0000. Up 23.49 seconds.
[[0;32m  OK  [0m] Started Apply the settings specified in cloud-config.
         Starting Execute cloud user/final scripts...
ci-info: no authorized ssh keys fingerprints found for user ubuntu.
<14>Jan 17 18:21:26 ec2: 
<14>Jan 17 18:21:26 ec2: #############################################################
<14>Jan 17 18:21:26 ec2: -----BEGIN SSH HOST KEY FINGERPRINTS-----
<14>Jan 17 18:21:26 ec2: 1024 SHA256:D2r3b8U5Cqhxs2nM2yVukPI1ir8I1N//Tf5PdKorx54 root@ubuntu-xenial (DSA)
<14>Jan 17 18:21:26 ec2: 256 SHA256:gm/ezh0Km8PW0txnFmQtzEwPruHiQXS3mE0XA84TiG8 root@ubuntu-xenial (ECDSA)
<14>Jan 17 18:21:26 ec2: 256 SHA256:Kezz6sW1/AiHhNFPIQC8CprkY8Nq6Zpabo3JDPQaWSY root@ubuntu-xenial (ED25519)
<14>Jan 17 18:21:26 ec2: 2048 SHA256:m0ptoFcitw4+nwI80cPSmZd2YQyhSMa/P0zy0cSOiGk root@ubuntu-xenial (RSA)
<14>Jan 17 18:21:26 ec2: -----END SSH HOST KEY FINGERPRINTS-----
<14>Jan 17 18:21:26 ec2: #############################################################
-----BEGIN SSH HOST KEY KEYS-----
ecdsa-sha2-nistp256 AAAAE2VjZHNhLXNoYTItbmlzdHAyNTYAAAAIbmlzdHAyNTYAAABBBGFlJPIPVOynLLv+H8sbvuIxDdaNR097PY1MoeZ+UkuxDBxRGFApawsVC9Qk7XYb5PS4ws0X3ghtRuyhbKCTOCQ= root@ubuntu-xenial
ssh-ed25519 AAAAC3NzaC1lZDI1NTE5AAAAIKzYi2SLIflTywjKfZ2zj8+CfGqg2OqmOL2WrSJxFtgp root@ubuntu-xenial
ssh-rsa AAAAB3NzaC1yc2EAAAADAQABAAABAQD0tL07QIfpxaqnzPa+TZNL3RMagz0dJw+b0hOUg+UKPzqZaf+Ms44d8ha3sBhSZDIdxADtLjdGcgAHnhOTJ4lWHDDanVPutH+J28rXY35c6VusofH1GqOozuB1nmNwFtnRaOKLJYzykaEXve+AgOXeFizt52DEF+wVUzk28Omnkan1L4M7p1hJ6ser3xysClYmZet945yHC6yCmcdLxKNklNAvTwh9dXALIugf9i/TXRd9COs22T/cYAW9kXB0ilU8/5PrftIlFx1+ivk7rYL8P07M1QvGx6VDHlpFpkJ0Iifj0cecPbWhDugdXMM2V8BIeQ9VcGC9CB+QU8EvVnCj root@ubuntu-xenial
-----END SSH HOST KEY KEYS-----
[   29.265259] cloud-init[1514]: Cloud-init v. 0.7.8 running 'modules:final' at Tue, 17 Jan 2017 18:21:25 +0000. Up 28.50 seconds.
[   29.339861] cloud-init[1514]: ci-info: no authorized ssh keys fingerprints found for user ubuntu.
[   29.367771] c
Ubuntu 16.04.1 LTS ubuntu-xenial ttyS0

ubuntu-xenial login: 